<?xml version="1.0" encoding="UTF-8"?>
<!-- Generated by org.testng.reporters.JUnitXMLReporter -->
<testsuite ignored="0" hostname="LAP-HYD-0X91354" failures="0" tests="10" name="Default test" time="55.48" errors="0" timestamp="2021-10-29T19:39:02 IST">
  <testcase classname="com.assignments.Aman_Kumar" name="State" time="3.373"/>
  <testcase classname="com.assignments.Aman_Kumar" name="City" time="3.232"/>
  <testcase classname="com.assignments.Aman_Kumar" name="Hobbies" time="0.19"/>
  <testcase classname="com.assignments.Aman_Kumar" name="Text_Field" time="2.493"/>
  <testcase classname="com.assignments.Aman_Kumar" name="Radio_btn" time="2.324"/>
  <testcase classname="com.assignments.Aman_Kumar" name="Subjects" time="18.445"/>
  <testcase classname="com.assignments.Aman_Kumar" name="Choose_file" time="2.103"/>
  <testcase classname="com.assignments.Aman_Kumar" name="Phone_no" time="2.139"/>
  <testcase classname="com.assignments.Aman_Kumar" name="Date_of_Birth" time="5.694"/>
  <testcase classname="com.assignments.Aman_Kumar" name="Submit" time="2.22"/>
</testsuite> <!-- Default test -->
